2019-12-01 14:18:35,748 ERROR main                             - HealthChecker[sofaModuleHealthChecker] readiness check fail with 0 retry; fail details:{"fundproduct-core-service":"passed","com.sdu.fund.sample.standard.biz.shared":"failed","fundproduct-common-dal":"failed","fundproduct-biz-service-impl":"failed"}; strict mode:true
2019-12-01 14:18:55,904 ERROR main                             - HealthChecker[sofaComponentHealthChecker] readiness check fail with 20 retry; fail details:{"service:com.sdu.fund.core.service.DataCrawlingService":"passed","reference:com.sdu.fund.common.dal.dao.FundCompanyDao:#414599042":"jvm#can not find corresponding jvm service","service:com.sdu.fund.core.repository.Repository":"passed"}; strict mode:true
2019-12-01 14:18:55,907 ERROR main                             - SOFABoot HealthChecker readiness check result: failed.
2019-12-01 14:18:55,909 ERROR main                             - HealthIndicator[sofaModuleHealthIndicator] readiness check fail; the status is: DOWN; the detail is: {"fundproduct-core-service":"passed","com.sdu.fund.sample.standard.biz.shared":"failed","fundproduct-common-dal":"failed","fundproduct-biz-service-impl":"failed"}.
2019-12-01 14:18:55,910 ERROR main                             - SOFABoot HealthIndicator readiness check result: failed.
2019-12-01 14:18:55,910 ERROR main                             - Readiness check result: fail
2019-12-01 14:21:17,113 ERROR main                             - HealthChecker[sofaModuleHealthChecker] readiness check fail with 0 retry; fail details:{"fundproduct-core-service":"passed","com.sdu.fund.sample.standard.biz.shared":"failed","fundproduct-common-dal":"failed","fundproduct-biz-service-impl":"failed"}; strict mode:true
2019-12-01 14:21:37,290 ERROR main                             - HealthChecker[sofaComponentHealthChecker] readiness check fail with 20 retry; fail details:{"service:com.sdu.fund.core.service.DataCrawlingService":"passed","reference:com.sdu.fund.common.dal.dao.FundCompanyDao:#414599042":"jvm#can not find corresponding jvm service","service:com.sdu.fund.core.repository.Repository":"passed"}; strict mode:true
2019-12-01 14:21:37,291 ERROR main                             - SOFABoot HealthChecker readiness check result: failed.
2019-12-01 14:21:37,300 ERROR main                             - HealthIndicator[sofaModuleHealthIndicator] readiness check fail; the status is: DOWN; the detail is: {"fundproduct-core-service":"passed","com.sdu.fund.sample.standard.biz.shared":"failed","fundproduct-common-dal":"failed","fundproduct-biz-service-impl":"failed"}.
2019-12-01 14:21:37,302 ERROR main                             - SOFABoot HealthIndicator readiness check result: failed.
2019-12-01 14:21:37,306 ERROR main                             - Readiness check result: fail
2019-12-01 14:28:46,734 ERROR main                             - HealthChecker[sofaModuleHealthChecker] readiness check fail with 0 retry; fail details:{"fundproduct-core-service":"passed","com.sdu.fund.sample.standard.biz.shared":"failed","fundproduct-common-dal":"failed","fundproduct-biz-service-impl":"failed"}; strict mode:true
2019-12-01 14:29:06,929 ERROR main                             - HealthChecker[sofaComponentHealthChecker] readiness check fail with 20 retry; fail details:{"service:com.sdu.fund.core.service.DataCrawlingService":"passed","reference:com.sdu.fund.common.dal.dao.FundCompanyDao:#414599042":"jvm#can not find corresponding jvm service","service:com.sdu.fund.core.repository.Repository":"passed"}; strict mode:true
2019-12-01 14:29:06,930 ERROR main                             - SOFABoot HealthChecker readiness check result: failed.
2019-12-01 14:29:06,938 ERROR main                             - HealthIndicator[sofaModuleHealthIndicator] readiness check fail; the status is: DOWN; the detail is: {"fundproduct-core-service":"passed","com.sdu.fund.sample.standard.biz.shared":"failed","fundproduct-common-dal":"failed","fundproduct-biz-service-impl":"failed"}.
2019-12-01 14:29:06,941 ERROR main                             - SOFABoot HealthIndicator readiness check result: failed.
2019-12-01 14:29:06,946 ERROR main                             - Readiness check result: fail
2019-12-01 14:44:43,061 ERROR main                             - HealthChecker[sofaModuleHealthChecker] readiness check fail with 0 retry; fail details:{"fundproduct-core-service":"passed","com.sdu.fund.sample.standard.biz.shared":"failed","fundproduct-common-dal":"failed","fundproduct-biz-service-impl":"failed"}; strict mode:true
2019-12-01 14:45:03,220 ERROR main                             - HealthChecker[sofaComponentHealthChecker] readiness check fail with 20 retry; fail details:{"service:com.sdu.fund.core.service.DataCrawlingService":"passed","reference:com.sdu.fund.common.dal.dao.FundCompanyDao:#414599042":"jvm#can not find corresponding jvm service","service:com.sdu.fund.core.repository.Repository":"passed"}; strict mode:true
2019-12-01 14:45:03,223 ERROR main                             - SOFABoot HealthChecker readiness check result: failed.
2019-12-01 14:45:03,229 ERROR main                             - HealthIndicator[sofaModuleHealthIndicator] readiness check fail; the status is: DOWN; the detail is: {"fundproduct-core-service":"passed","com.sdu.fund.sample.standard.biz.shared":"failed","fundproduct-common-dal":"failed","fundproduct-biz-service-impl":"failed"}.
2019-12-01 14:45:03,231 ERROR main                             - SOFABoot HealthIndicator readiness check result: failed.
2019-12-01 14:45:03,234 ERROR main                             - Readiness check result: fail
2019-12-01 14:49:30,347 ERROR main                             - HealthChecker[sofaModuleHealthChecker] readiness check fail with 0 retry; fail details:{"fundproduct-core-service":"passed","com.sdu.fund.sample.standard.biz.shared":"failed","fundproduct-common-dal":"failed","fundproduct-biz-service-impl":"failed"}; strict mode:true
2019-12-01 14:49:50,463 ERROR main                             - HealthChecker[sofaComponentHealthChecker] readiness check fail with 20 retry; fail details:{"service:com.sdu.fund.core.service.DataCrawlingService":"passed","reference:com.sdu.fund.common.dal.dao.FundCompanyDao:#414599042":"jvm#can not find corresponding jvm service","reference:com.sdu.fund.core.serviceImpl.FundCompanyDataCrawlingServiceImpl:#414599042":"jvm#can not find corresponding jvm service","service:com.sdu.fund.core.repository.Repository":"passed"}; strict mode:true
2019-12-01 14:49:50,464 ERROR main                             - SOFABoot HealthChecker readiness check result: failed.
2019-12-01 14:49:50,473 ERROR main                             - HealthIndicator[sofaModuleHealthIndicator] readiness check fail; the status is: DOWN; the detail is: {"fundproduct-core-service":"passed","com.sdu.fund.sample.standard.biz.shared":"failed","fundproduct-common-dal":"failed","fundproduct-biz-service-impl":"failed"}.
2019-12-01 14:49:50,476 ERROR main                             - SOFABoot HealthIndicator readiness check result: failed.
2019-12-01 14:49:50,478 ERROR main                             - Readiness check result: fail
2019-12-01 15:04:26,425 ERROR main                             - HealthChecker[sofaModuleHealthChecker] readiness check fail with 0 retry; fail details:{"fundproduct-core-service":"passed","com.sdu.fund.sample.standard.biz.shared":"failed","fundproduct-common-dal":"failed","fundproduct-biz-service-impl":"failed"}; strict mode:true
2019-12-01 15:04:46,542 ERROR main                             - HealthChecker[sofaComponentHealthChecker] readiness check fail with 20 retry; fail details:{"service:com.sdu.fund.core.service.DataCrawlingService":"passed","reference:com.sdu.fund.common.dal.dao.FundCompanyDao:#414599042":"jvm#can not find corresponding jvm service","reference:com.sdu.fund.core.serviceImpl.FundCompanyDataCrawlingServiceImpl:#414599042":"jvm#can not find corresponding jvm service","service:com.sdu.fund.core.repository.Repository":"passed"}; strict mode:true
2019-12-01 15:04:46,542 ERROR main                             - SOFABoot HealthChecker readiness check result: failed.
2019-12-01 15:04:46,549 ERROR main                             - HealthIndicator[sofaModuleHealthIndicator] readiness check fail; the status is: DOWN; the detail is: {"fundproduct-core-service":"passed","com.sdu.fund.sample.standard.biz.shared":"failed","fundproduct-common-dal":"failed","fundproduct-biz-service-impl":"failed"}.
2019-12-01 15:04:46,552 ERROR main                             - SOFABoot HealthIndicator readiness check result: failed.
2019-12-01 15:04:46,555 ERROR main                             - Readiness check result: fail
2019-12-01 19:23:11,584 ERROR main                             - HealthChecker[sofaModuleHealthChecker] readiness check fail with 0 retry; fail details:{"fundproduct-core-service":"passed","com.sdu.fund.sample.standard.biz.shared":"failed","fundproduct-common-dal":"failed","fundproduct-biz-service-impl":"failed"}; strict mode:true
2019-12-01 19:23:31,770 ERROR main                             - HealthChecker[sofaComponentHealthChecker] readiness check fail with 20 retry; fail details:{"service:com.sdu.fund.core.service.DataCrawlingService":"passed","reference:com.sdu.fund.common.dal.dao.FundCompanyDao:#414599042":"jvm#can not find corresponding jvm service","service:com.sdu.fund.core.repository.Repository":"passed","reference:com.sdu.fund.core.service.DataCrawlingService:#414599042":"passed"}; strict mode:true
2019-12-01 19:23:31,770 ERROR main                             - SOFABoot HealthChecker readiness check result: failed.
2019-12-01 19:23:31,774 ERROR main                             - HealthIndicator[sofaModuleHealthIndicator] readiness check fail; the status is: DOWN; the detail is: {"fundproduct-core-service":"passed","com.sdu.fund.sample.standard.biz.shared":"failed","fundproduct-common-dal":"failed","fundproduct-biz-service-impl":"failed"}.
2019-12-01 19:23:31,775 ERROR main                             - SOFABoot HealthIndicator readiness check result: failed.
2019-12-01 19:23:31,776 ERROR main                             - Readiness check result: fail
2019-12-01 19:28:11,616 ERROR main                             - HealthChecker[sofaModuleHealthChecker] readiness check fail with 0 retry; fail details:{"com.sdu.fund.sample.standard.biz.shared":"failed","fundproduct-common-dal":"failed","fundproduct-biz-service-impl":"failed","fundproduct-core-service":"failed"}; strict mode:true
2019-12-01 19:28:31,795 ERROR main                             - HealthChecker[sofaComponentHealthChecker] readiness check fail with 20 retry; fail details:{"reference:com.sdu.fund.core.service.DataCrawlingService:#414599042":"jvm#can not find corresponding jvm service"}; strict mode:true
2019-12-01 19:28:31,796 ERROR main                             - SOFABoot HealthChecker readiness check result: failed.
2019-12-01 19:28:31,804 ERROR main                             - HealthIndicator[sofaModuleHealthIndicator] readiness check fail; the status is: DOWN; the detail is: {"com.sdu.fund.sample.standard.biz.shared":"failed","fundproduct-common-dal":"failed","fundproduct-biz-service-impl":"failed","fundproduct-core-service":"failed"}.
2019-12-01 19:28:31,806 ERROR main                             - SOFABoot HealthIndicator readiness check result: failed.
2019-12-01 19:28:31,811 ERROR main                             - Readiness check result: fail
2019-12-01 19:31:09,709 ERROR main                             - HealthChecker[sofaModuleHealthChecker] readiness check fail with 0 retry; fail details:{"com.sdu.fund.sample.standard.biz.shared":"failed","fundproduct-common-dal":"failed","fundproduct-biz-service-impl":"failed","fundproduct-core-service":"failed"}; strict mode:true
2019-12-01 19:31:29,848 ERROR main                             - HealthChecker[sofaComponentHealthChecker] readiness check fail with 20 retry; fail details:{"reference:com.sdu.fund.core.service.DataCrawlingService:#414599042":"jvm#can not find corresponding jvm service"}; strict mode:true
2019-12-01 19:31:29,848 ERROR main                             - SOFABoot HealthChecker readiness check result: failed.
2019-12-01 19:31:29,856 ERROR main                             - HealthIndicator[sofaModuleHealthIndicator] readiness check fail; the status is: DOWN; the detail is: {"com.sdu.fund.sample.standard.biz.shared":"failed","fundproduct-common-dal":"failed","fundproduct-biz-service-impl":"failed","fundproduct-core-service":"failed"}.
2019-12-01 19:31:29,858 ERROR main                             - SOFABoot HealthIndicator readiness check result: failed.
2019-12-01 19:31:29,861 ERROR main                             - Readiness check result: fail
2019-12-01 19:34:14,691 ERROR main                             - HealthChecker[sofaModuleHealthChecker] readiness check fail with 0 retry; fail details:{"fundproduct-core-service":"passed","com.sdu.fund.sample.standard.biz.shared":"failed","fundproduct-common-dal":"failed","fundproduct-biz-service-impl":"failed"}; strict mode:true
2019-12-01 19:34:34,855 ERROR main                             - HealthChecker[sofaComponentHealthChecker] readiness check fail with 20 retry; fail details:{"service:com.sdu.fund.core.service.DataCrawlingService":"passed","reference:com.sdu.fund.common.dal.dao.FundCompanyDao:#414599042":"jvm#can not find corresponding jvm service","reference:com.sdu.fund.core.service.DataCrawlingService:#414599042":"passed"}; strict mode:true
2019-12-01 19:34:34,856 ERROR main                             - SOFABoot HealthChecker readiness check result: failed.
2019-12-01 19:34:34,858 ERROR main                             - HealthIndicator[sofaModuleHealthIndicator] readiness check fail; the status is: DOWN; the detail is: {"fundproduct-core-service":"passed","com.sdu.fund.sample.standard.biz.shared":"failed","fundproduct-common-dal":"failed","fundproduct-biz-service-impl":"failed"}.
2019-12-01 19:34:34,858 ERROR main                             - SOFABoot HealthIndicator readiness check result: failed.
2019-12-01 19:34:34,859 ERROR main                             - Readiness check result: fail
2019-12-01 19:46:42,787 ERROR main                             - HealthChecker[sofaModuleHealthChecker] readiness check fail with 0 retry; fail details:{"com.sdu.fund.sample.standard.biz.shared":"passed","fundproduct-biz-service-impl":"passed","fundproduct-common-dal":"failed","fundproduct-core-service":"failed"}; strict mode:true
2019-12-01 19:47:02,947 ERROR main                             - HealthChecker[sofaComponentHealthChecker] readiness check fail with 20 retry; fail details:{"reference:com.sdu.fund.core.service.DataCrawlingService:#414599042":"jvm#can not find corresponding jvm service"}; strict mode:true
2019-12-01 19:47:02,948 ERROR main                             - SOFABoot HealthChecker readiness check result: failed.
2019-12-01 19:47:02,955 ERROR main                             - HealthIndicator[sofaModuleHealthIndicator] readiness check fail; the status is: DOWN; the detail is: {"com.sdu.fund.sample.standard.biz.shared":"passed","fundproduct-biz-service-impl":"passed","fundproduct-common-dal":"failed","fundproduct-core-service":"failed"}.
2019-12-01 19:47:02,957 ERROR main                             - SOFABoot HealthIndicator readiness check result: failed.
2019-12-01 19:47:02,961 ERROR main                             - Readiness check result: fail
2019-12-01 20:01:39,580 ERROR main                             - HealthChecker[sofaModuleHealthChecker] readiness check fail with 0 retry; fail details:{"com.sdu.fund.sample.standard.biz.shared":"passed","fundproduct-biz-service-impl":"passed","fundproduct-common-dal":"failed","fundproduct-core-service":"failed"}; strict mode:true
2019-12-01 20:01:59,719 ERROR main                             - HealthChecker[sofaComponentHealthChecker] readiness check fail with 20 retry; fail details:{"reference:com.sdu.fund.core.service.DataCrawlingService:#414599042":"jvm#can not find corresponding jvm service"}; strict mode:true
2019-12-01 20:01:59,720 ERROR main                             - SOFABoot HealthChecker readiness check result: failed.
2019-12-01 20:01:59,722 ERROR main                             - HealthIndicator[sofaModuleHealthIndicator] readiness check fail; the status is: DOWN; the detail is: {"com.sdu.fund.sample.standard.biz.shared":"passed","fundproduct-biz-service-impl":"passed","fundproduct-common-dal":"failed","fundproduct-core-service":"failed"}.
2019-12-01 20:01:59,723 ERROR main                             - SOFABoot HealthIndicator readiness check result: failed.
2019-12-01 20:01:59,724 ERROR main                             - Readiness check result: fail
2019-12-01 20:03:43,213 ERROR main                             - HealthChecker[sofaModuleHealthChecker] readiness check fail with 0 retry; fail details:{"com.sdu.fund.sample.standard.biz.shared":"passed","fundproduct-biz-service-impl":"passed","fundproduct-common-dal":"failed","fundproduct-core-service":"failed"}; strict mode:true
2019-12-01 20:04:03,356 ERROR main                             - HealthChecker[sofaComponentHealthChecker] readiness check fail with 20 retry; fail details:{"reference:com.sdu.fund.core.service.DataCrawlingService:#414599042":"jvm#can not find corresponding jvm service"}; strict mode:true
2019-12-01 20:04:03,356 ERROR main                             - SOFABoot HealthChecker readiness check result: failed.
2019-12-01 20:04:03,360 ERROR main                             - HealthIndicator[sofaModuleHealthIndicator] readiness check fail; the status is: DOWN; the detail is: {"com.sdu.fund.sample.standard.biz.shared":"passed","fundproduct-biz-service-impl":"passed","fundproduct-common-dal":"failed","fundproduct-core-service":"failed"}.
2019-12-01 20:04:03,361 ERROR main                             - SOFABoot HealthIndicator readiness check result: failed.
2019-12-01 20:04:03,362 ERROR main                             - Readiness check result: fail
2019-12-01 20:05:12,925 ERROR main                             - HealthChecker[sofaModuleHealthChecker] readiness check fail with 0 retry; fail details:{"fundproduct-biz-service-impl":"passed","com.sdu.fund.sample.standard.biz.shared":"passed","fundproduct-core-service":"passed","fundproduct-common-dal":"failed"}; strict mode:true
2019-12-01 20:05:33,065 ERROR main                             - HealthChecker[sofaComponentHealthChecker] readiness check fail with 20 retry; fail details:{"service:com.sdu.fund.core.service.DataCrawlingService":"passed","reference:com.sdu.fund.common.dal.dao.FundCompanyDao:#414599042":"jvm#can not find corresponding jvm service","reference:com.sdu.fund.core.service.DataCrawlingService:#414599042":"passed"}; strict mode:true
2019-12-01 20:05:33,066 ERROR main                             - SOFABoot HealthChecker readiness check result: failed.
2019-12-01 20:05:33,074 ERROR main                             - HealthIndicator[sofaModuleHealthIndicator] readiness check fail; the status is: DOWN; the detail is: {"fundproduct-biz-service-impl":"passed","com.sdu.fund.sample.standard.biz.shared":"passed","fundproduct-core-service":"passed","fundproduct-common-dal":"failed"}.
2019-12-01 20:05:33,075 ERROR main                             - SOFABoot HealthIndicator readiness check result: failed.
2019-12-01 20:05:33,079 ERROR main                             - Readiness check result: fail
2019-12-01 20:23:29,130 ERROR main                             - HealthChecker[sofaModuleHealthChecker] readiness check fail with 0 retry; fail details:{"fundproduct-biz-service-impl":"passed","com.sdu.fund.sample.standard.biz.shared":"passed","fundproduct-core-service":"passed","fundproduct-common-dal":"failed"}; strict mode:true
2019-12-01 20:23:49,228 ERROR main                             - HealthChecker[sofaComponentHealthChecker] readiness check fail with 20 retry; fail details:{"service:com.sdu.fund.core.service.DataCrawlingService":"passed","reference:com.sdu.fund.common.dal.dao.FundCompanyDao:#414599042":"jvm#can not find corresponding jvm service","reference:com.sdu.fund.core.service.DataCrawlingService:#414599042":"passed"}; strict mode:true
2019-12-01 20:23:49,229 ERROR main                             - SOFABoot HealthChecker readiness check result: failed.
2019-12-01 20:23:49,231 ERROR main                             - HealthIndicator[sofaModuleHealthIndicator] readiness check fail; the status is: DOWN; the detail is: {"fundproduct-biz-service-impl":"passed","com.sdu.fund.sample.standard.biz.shared":"passed","fundproduct-core-service":"passed","fundproduct-common-dal":"failed"}.
2019-12-01 20:23:49,232 ERROR main                             - SOFABoot HealthIndicator readiness check result: failed.
2019-12-01 20:23:49,232 ERROR main                             - Readiness check result: fail
2019-12-01 20:27:29,824 ERROR main                             - HealthChecker[sofaModuleHealthChecker] readiness check fail with 0 retry; fail details:{"fundproduct-biz-service-impl":"passed","com.sdu.fund.sample.standard.biz.shared":"passed","fundproduct-core-service":"passed","fundproduct-common-dal":"failed"}; strict mode:true
2019-12-01 20:27:49,940 ERROR main                             - HealthChecker[sofaComponentHealthChecker] readiness check fail with 20 retry; fail details:{"service:com.sdu.fund.core.service.DataCrawlingService":"passed","reference:com.sdu.fund.common.dal.dao.FundCompanyDao:#414599042":"jvm#can not find corresponding jvm service","reference:com.sdu.fund.core.service.DataCrawlingService:#414599042":"passed"}; strict mode:true
2019-12-01 20:27:49,942 ERROR main                             - SOFABoot HealthChecker readiness check result: failed.
2019-12-01 20:27:49,951 ERROR main                             - HealthIndicator[sofaModuleHealthIndicator] readiness check fail; the status is: DOWN; the detail is: {"fundproduct-biz-service-impl":"passed","com.sdu.fund.sample.standard.biz.shared":"passed","fundproduct-core-service":"passed","fundproduct-common-dal":"failed"}.
2019-12-01 20:27:49,953 ERROR main                             - SOFABoot HealthIndicator readiness check result: failed.
2019-12-01 20:27:49,956 ERROR main                             - Readiness check result: fail
2019-12-01 20:31:01,068 ERROR main                             - HealthChecker[sofaModuleHealthChecker] readiness check fail with 0 retry; fail details:{"com.sdu.fund.sample.standard.biz.shared":"passed","fundproduct-biz-service-impl":"passed","fundproduct-core-service":"passed","fundproduct-common-dal":"failed"}; strict mode:true
2019-12-01 20:31:21,183 ERROR main                             - HealthChecker[sofaComponentHealthChecker] readiness check fail with 20 retry; fail details:{"service:com.sdu.fund.core.service.DataCrawlingService":"passed","reference:com.sdu.fund.common.dal.dao.FundCompanyDao:#414599042":"jvm#can not find corresponding jvm service","reference:com.sdu.fund.core.service.DataCrawlingService:#414599042":"passed"}; strict mode:true
2019-12-01 20:31:21,184 ERROR main                             - SOFABoot HealthChecker readiness check result: failed.
2019-12-01 20:31:21,192 ERROR main                             - HealthIndicator[sofaModuleHealthIndicator] readiness check fail; the status is: DOWN; the detail is: {"com.sdu.fund.sample.standard.biz.shared":"passed","fundproduct-biz-service-impl":"passed","fundproduct-core-service":"passed","fundproduct-common-dal":"failed"}.
2019-12-01 20:31:21,194 ERROR main                             - SOFABoot HealthIndicator readiness check result: failed.
2019-12-01 20:31:21,196 ERROR main                             - Readiness check result: fail
2019-12-01 20:33:14,314 ERROR main                             - HealthChecker[sofaModuleHealthChecker] readiness check fail with 0 retry; fail details:{"fundproduct-biz-service-impl":"passed","com.sdu.fund.sample.standard.biz.shared":"passed","fundproduct-core-service":"passed","fundproduct-common-dal":"failed"}; strict mode:true
2019-12-01 20:33:34,424 ERROR main                             - HealthChecker[sofaComponentHealthChecker] readiness check fail with 20 retry; fail details:{"service:com.sdu.fund.core.service.DataCrawlingService":"passed","reference:com.sdu.fund.common.dal.dao.FundCompanyDao:#414599042":"jvm#can not find corresponding jvm service","reference:com.sdu.fund.core.service.DataCrawlingService:#414599042":"passed"}; strict mode:true
2019-12-01 20:33:34,424 ERROR main                             - SOFABoot HealthChecker readiness check result: failed.
2019-12-01 20:33:34,427 ERROR main                             - HealthIndicator[sofaModuleHealthIndicator] readiness check fail; the status is: DOWN; the detail is: {"fundproduct-biz-service-impl":"passed","com.sdu.fund.sample.standard.biz.shared":"passed","fundproduct-core-service":"passed","fundproduct-common-dal":"failed"}.
2019-12-01 20:33:34,427 ERROR main                             - SOFABoot HealthIndicator readiness check result: failed.
2019-12-01 20:33:34,431 ERROR main                             - Readiness check result: fail
2019-12-01 20:34:53,278 ERROR main                             - HealthChecker[sofaModuleHealthChecker] readiness check fail with 0 retry; fail details:{"com.sdu.fund.sample.standard.biz.shared":"passed","fundproduct-biz-service-impl":"passed","fundproduct-core-service":"passed","fundproduct-common-dal":"failed"}; strict mode:true
2019-12-01 20:35:13,400 ERROR main                             - HealthChecker[sofaComponentHealthChecker] readiness check fail with 20 retry; fail details:{"service:com.sdu.fund.core.service.DataCrawlingService":"passed","reference:com.sdu.fund.common.dal.dao.FundCompanyDao:#414599042":"jvm#can not find corresponding jvm service","reference:com.sdu.fund.core.service.DataCrawlingService:#414599042":"passed"}; strict mode:true
2019-12-01 20:35:13,405 ERROR main                             - SOFABoot HealthChecker readiness check result: failed.
2019-12-01 20:35:13,409 ERROR main                             - HealthIndicator[sofaModuleHealthIndicator] readiness check fail; the status is: DOWN; the detail is: {"com.sdu.fund.sample.standard.biz.shared":"passed","fundproduct-biz-service-impl":"passed","fundproduct-core-service":"passed","fundproduct-common-dal":"failed"}.
2019-12-01 20:35:13,410 ERROR main                             - SOFABoot HealthIndicator readiness check result: failed.
2019-12-01 20:35:13,412 ERROR main                             - Readiness check result: fail
2019-12-01 20:38:00,406 ERROR main                             - HealthChecker[sofaModuleHealthChecker] readiness check fail with 0 retry; fail details:{"com.sdu.fund.sample.standard.biz.shared":"passed","fundproduct-biz-service-impl":"passed","fundproduct-core-service":"passed","fundproduct-common-dal":"failed"}; strict mode:true
2019-12-01 20:38:20,486 ERROR main                             - HealthChecker[sofaComponentHealthChecker] readiness check fail with 20 retry; fail details:{"service:com.sdu.fund.core.service.DataCrawlingService":"passed","reference:com.sdu.fund.common.dal.dao.FundCompanyDao:#414599042":"jvm#can not find corresponding jvm service","reference:com.sdu.fund.core.service.DataCrawlingService:#414599042":"passed"}; strict mode:true
2019-12-01 20:38:20,487 ERROR main                             - SOFABoot HealthChecker readiness check result: failed.
2019-12-01 20:38:20,491 ERROR main                             - HealthIndicator[sofaModuleHealthIndicator] readiness check fail; the status is: DOWN; the detail is: {"com.sdu.fund.sample.standard.biz.shared":"passed","fundproduct-biz-service-impl":"passed","fundproduct-core-service":"passed","fundproduct-common-dal":"failed"}.
2019-12-01 20:38:20,491 ERROR main                             - SOFABoot HealthIndicator readiness check result: failed.
2019-12-01 20:38:20,492 ERROR main                             - Readiness check result: fail
2019-12-01 20:38:54,464 ERROR main                             - HealthChecker[sofaModuleHealthChecker] readiness check fail with 0 retry; fail details:{"com.sdu.fund.sample.standard.biz.shared":"passed","fundproduct-biz-service-impl":"passed","fundproduct-core-service":"passed","fundproduct-common-dal":"failed"}; strict mode:true
2019-12-01 20:39:14,581 ERROR main                             - HealthChecker[sofaComponentHealthChecker] readiness check fail with 20 retry; fail details:{"service:com.sdu.fund.core.service.DataCrawlingService":"passed","reference:com.sdu.fund.common.dal.dao.FundCompanyDao:#414599042":"jvm#can not find corresponding jvm service","reference:com.sdu.fund.core.service.DataCrawlingService:#414599042":"passed"}; strict mode:true
2019-12-01 20:39:14,584 ERROR main                             - SOFABoot HealthChecker readiness check result: failed.
2019-12-01 20:39:14,592 ERROR main                             - HealthIndicator[sofaModuleHealthIndicator] readiness check fail; the status is: DOWN; the detail is: {"com.sdu.fund.sample.standard.biz.shared":"passed","fundproduct-biz-service-impl":"passed","fundproduct-core-service":"passed","fundproduct-common-dal":"failed"}.
2019-12-01 20:39:14,593 ERROR main                             - SOFABoot HealthIndicator readiness check result: failed.
2019-12-01 20:39:14,596 ERROR main                             - Readiness check result: fail
