2020-01-31 14:14:13,718 INFO  main                             - Found 2 HealthChecker implementation:sofaModuleHealthChecker,sofaComponentHealthChecker
2020-01-31 14:14:13,724 INFO  main                             - Found 4 HealthIndicator implementation:sofaModuleHealthIndicator,sofaBootHealthIndicator,sofaComponentHealthIndicator,diskSpaceHealthIndicator
2020-01-31 14:14:13,726 INFO  main                             - Found 0 ReadinessCheckCallback implementation: 
2020-01-31 14:14:13,726 INFO  main                             - Begin SOFABoot HealthChecker readiness check.
2020-01-31 14:14:13,731 INFO  main                             - HealthChecker[sofaModuleHealthChecker] readiness check success with 0 retry.
2020-01-31 14:14:13,736 INFO  main                             - HealthChecker[sofaComponentHealthChecker] readiness check success with 0 retry.
2020-01-31 14:14:13,736 INFO  main                             - SOFABoot HealthChecker readiness check result: success.
2020-01-31 14:14:13,737 INFO  main                             - Begin SOFABoot HealthIndicator readiness check.
2020-01-31 14:14:13,738 INFO  main                             - HealthIndicator[sofaModuleHealthIndicator] readiness check success.
2020-01-31 14:14:13,739 INFO  main                             - HealthIndicator[diskSpaceHealthIndicator] readiness check success.
2020-01-31 14:14:13,740 INFO  main                             - SOFABoot HealthIndicator readiness check result: success.
2020-01-31 14:14:13,740 INFO  main                             - Begin ReadinessCheckCallback readiness check
2020-01-31 14:14:13,740 INFO  main                             - ReadinessCheckCallback readiness check result: success.
2020-01-31 14:14:13,741 INFO  main                             - Readiness check result: success
2020-01-31 14:16:06,746 INFO  main                             - Found 2 HealthChecker implementation:sofaModuleHealthChecker,sofaComponentHealthChecker
2020-01-31 14:16:06,749 INFO  main                             - Found 4 HealthIndicator implementation:sofaModuleHealthIndicator,sofaBootHealthIndicator,sofaComponentHealthIndicator,diskSpaceHealthIndicator
2020-01-31 14:16:06,751 INFO  main                             - Found 0 ReadinessCheckCallback implementation: 
2020-01-31 14:16:06,751 INFO  main                             - Begin SOFABoot HealthChecker readiness check.
2020-01-31 14:16:06,755 INFO  main                             - HealthChecker[sofaModuleHealthChecker] readiness check fail with 0 retry.
2020-01-31 14:16:06,790 ERROR main                             - HealthChecker[sofaModuleHealthChecker] readiness check fail with 0 retry; fail details:{"fundproduct-common-dal":"passed","fundproduct-biz-service-impl":"passed","fundproduct-core-service":"passed","fundproduct-biz-shared":"failed"}; strict mode:true
2020-01-31 14:16:06,795 INFO  main                             - HealthChecker[sofaComponentHealthChecker] readiness check fail with 0 retry.
2020-01-31 14:16:07,796 INFO  main                             - HealthChecker[sofaComponentHealthChecker] readiness check fail with 1 retry.
2020-01-31 14:16:08,797 INFO  main                             - HealthChecker[sofaComponentHealthChecker] readiness check fail with 2 retry.
2020-01-31 14:16:09,797 INFO  main                             - HealthChecker[sofaComponentHealthChecker] readiness check fail with 3 retry.
2020-01-31 14:16:10,798 INFO  main                             - HealthChecker[sofaComponentHealthChecker] readiness check fail with 4 retry.
2020-01-31 14:16:11,799 INFO  main                             - HealthChecker[sofaComponentHealthChecker] readiness check fail with 5 retry.
2020-01-31 14:16:12,799 INFO  main                             - HealthChecker[sofaComponentHealthChecker] readiness check fail with 6 retry.
2020-01-31 14:16:13,799 INFO  main                             - HealthChecker[sofaComponentHealthChecker] readiness check fail with 7 retry.
2020-01-31 14:16:14,800 INFO  main                             - HealthChecker[sofaComponentHealthChecker] readiness check fail with 8 retry.
2020-01-31 14:16:15,800 INFO  main                             - HealthChecker[sofaComponentHealthChecker] readiness check fail with 9 retry.
2020-01-31 14:16:16,800 INFO  main                             - HealthChecker[sofaComponentHealthChecker] readiness check fail with 10 retry.
2020-01-31 14:16:17,801 INFO  main                             - HealthChecker[sofaComponentHealthChecker] readiness check fail with 11 retry.
2020-01-31 14:16:18,802 INFO  main                             - HealthChecker[sofaComponentHealthChecker] readiness check fail with 12 retry.
2020-01-31 14:16:19,803 INFO  main                             - HealthChecker[sofaComponentHealthChecker] readiness check fail with 13 retry.
2020-01-31 14:16:20,803 INFO  main                             - HealthChecker[sofaComponentHealthChecker] readiness check fail with 14 retry.
2020-01-31 14:16:21,804 INFO  main                             - HealthChecker[sofaComponentHealthChecker] readiness check fail with 15 retry.
2020-01-31 14:16:22,804 INFO  main                             - HealthChecker[sofaComponentHealthChecker] readiness check fail with 16 retry.
2020-01-31 14:16:23,804 INFO  main                             - HealthChecker[sofaComponentHealthChecker] readiness check fail with 17 retry.
2020-01-31 14:16:24,805 INFO  main                             - HealthChecker[sofaComponentHealthChecker] readiness check fail with 18 retry.
2020-01-31 14:16:25,805 INFO  main                             - HealthChecker[sofaComponentHealthChecker] readiness check fail with 19 retry.
2020-01-31 14:16:26,805 ERROR main                             - HealthChecker[sofaComponentHealthChecker] readiness check fail with 20 retry; fail details:{"service:com.sdu.fund.core.service.DataCrawlingService:fundArchiveCrawlingService":"passed","service:com.sdu.fund.core.service.DataCrawlingService:fundDataCrawlingService":"passed","service:com.sdu.fund.core.service.DataCrawlingService:fundCompanyCrawlingService":"passed","reference:com.sdu.fund.core.service.DataCrawlingService:fundCompanyCrawlingService#414599042":"passed","service:com.sdu.fund.core.service.DataCrawlingService:fundManagerCrawlingService":"passed","reference:com.sdu.fund.service.shared.Task.DataCrawlingTask:#414599042":"jvm#can not find corresponding jvm service","reference:com.sdu.fund.core.service.DataCrawlingService:fundDataCrawlingService#414599042":"passed","reference:com.sdu.fund.core.service.DataCrawlingService:fundArchiveCrawlingService#414599042":"passed","reference:com.sdu.fund.core.service.DataCrawlingService:fundManagerCrawlingService#414599042":"passed"}; strict mode:true
2020-01-31 14:16:26,808 ERROR main                             - SOFABoot HealthChecker readiness check result: failed.
2020-01-31 14:16:26,809 INFO  main                             - Begin SOFABoot HealthIndicator readiness check.
2020-01-31 14:16:26,810 ERROR main                             - HealthIndicator[sofaModuleHealthIndicator] readiness check fail; the status is: DOWN; the detail is: {"fundproduct-common-dal":"passed","fundproduct-biz-service-impl":"passed","fundproduct-core-service":"passed","fundproduct-biz-shared":"failed"}.
2020-01-31 14:16:26,812 INFO  main                             - HealthIndicator[diskSpaceHealthIndicator] readiness check success.
2020-01-31 14:16:26,812 ERROR main                             - SOFABoot HealthIndicator readiness check result: failed.
2020-01-31 14:16:26,812 INFO  main                             - Begin ReadinessCheckCallback readiness check
2020-01-31 14:16:26,813 INFO  main                             - ReadinessCheckCallback readiness check result: success.
2020-01-31 14:16:26,813 ERROR main                             - Readiness check result: fail
2020-01-31 14:21:07,722 INFO  main                             - Found 2 HealthChecker implementation:sofaModuleHealthChecker,sofaComponentHealthChecker
2020-01-31 14:21:07,724 INFO  main                             - Found 4 HealthIndicator implementation:sofaModuleHealthIndicator,sofaBootHealthIndicator,sofaComponentHealthIndicator,diskSpaceHealthIndicator
2020-01-31 14:21:07,726 INFO  main                             - Found 0 ReadinessCheckCallback implementation: 
2020-01-31 14:21:07,726 INFO  main                             - Begin SOFABoot HealthChecker readiness check.
2020-01-31 14:21:07,729 INFO  main                             - HealthChecker[sofaModuleHealthChecker] readiness check success with 0 retry.
2020-01-31 14:21:07,734 INFO  main                             - HealthChecker[sofaComponentHealthChecker] readiness check fail with 0 retry.
2020-01-31 14:21:08,734 INFO  main                             - HealthChecker[sofaComponentHealthChecker] readiness check fail with 1 retry.
2020-01-31 14:21:09,734 INFO  main                             - HealthChecker[sofaComponentHealthChecker] readiness check fail with 2 retry.
2020-01-31 14:21:10,735 INFO  main                             - HealthChecker[sofaComponentHealthChecker] readiness check fail with 3 retry.
2020-01-31 14:21:11,736 INFO  main                             - HealthChecker[sofaComponentHealthChecker] readiness check fail with 4 retry.
2020-01-31 14:21:12,736 INFO  main                             - HealthChecker[sofaComponentHealthChecker] readiness check fail with 5 retry.
2020-01-31 14:21:13,737 INFO  main                             - HealthChecker[sofaComponentHealthChecker] readiness check fail with 6 retry.
2020-01-31 14:21:14,737 INFO  main                             - HealthChecker[sofaComponentHealthChecker] readiness check fail with 7 retry.
2020-01-31 14:21:15,738 INFO  main                             - HealthChecker[sofaComponentHealthChecker] readiness check fail with 8 retry.
2020-01-31 14:21:16,738 INFO  main                             - HealthChecker[sofaComponentHealthChecker] readiness check fail with 9 retry.
2020-01-31 14:21:17,739 INFO  main                             - HealthChecker[sofaComponentHealthChecker] readiness check fail with 10 retry.
2020-01-31 14:21:18,739 INFO  main                             - HealthChecker[sofaComponentHealthChecker] readiness check fail with 11 retry.
2020-01-31 14:21:19,739 INFO  main                             - HealthChecker[sofaComponentHealthChecker] readiness check fail with 12 retry.
2020-01-31 14:21:20,740 INFO  main                             - HealthChecker[sofaComponentHealthChecker] readiness check fail with 13 retry.
2020-01-31 14:21:21,741 INFO  main                             - HealthChecker[sofaComponentHealthChecker] readiness check fail with 14 retry.
2020-01-31 14:21:22,742 INFO  main                             - HealthChecker[sofaComponentHealthChecker] readiness check fail with 15 retry.
2020-01-31 14:21:23,743 INFO  main                             - HealthChecker[sofaComponentHealthChecker] readiness check fail with 16 retry.
2020-01-31 14:21:24,744 INFO  main                             - HealthChecker[sofaComponentHealthChecker] readiness check fail with 17 retry.
2020-01-31 14:21:25,744 INFO  main                             - HealthChecker[sofaComponentHealthChecker] readiness check fail with 18 retry.
2020-01-31 14:21:26,744 INFO  main                             - HealthChecker[sofaComponentHealthChecker] readiness check fail with 19 retry.
2020-01-31 14:21:27,764 ERROR main                             - HealthChecker[sofaComponentHealthChecker] readiness check fail with 20 retry; fail details:{"service:com.sdu.fund.core.service.DataCrawlingService:fundArchiveCrawlingService":"passed","service:com.sdu.fund.core.service.DataCrawlingService:fundDataCrawlingService":"passed","service:com.sdu.fund.core.service.DataCrawlingService:fundCompanyCrawlingService":"passed","reference:com.sdu.fund.core.service.DataCrawlingService:fundCompanyCrawlingService#414599042":"passed","service:com.sdu.fund.core.service.DataCrawlingService:fundManagerCrawlingService":"passed","reference:com.sdu.fund.service.shared.Task.DataCrawlingTask:#414599042":"jvm#can not find corresponding jvm service","reference:com.sdu.fund.core.service.DataCrawlingService:fundDataCrawlingService#414599042":"passed","reference:com.sdu.fund.core.service.DataCrawlingService:fundArchiveCrawlingService#414599042":"passed","reference:com.sdu.fund.core.service.DataCrawlingService:fundManagerCrawlingService#414599042":"passed","service:com.sdu.fund.service.shared.Task.Task":"passed"}; strict mode:true
2020-01-31 14:21:27,764 ERROR main                             - SOFABoot HealthChecker readiness check result: failed.
2020-01-31 14:21:27,765 INFO  main                             - Begin SOFABoot HealthIndicator readiness check.
2020-01-31 14:21:27,766 INFO  main                             - HealthIndicator[sofaModuleHealthIndicator] readiness check success.
2020-01-31 14:21:27,767 INFO  main                             - HealthIndicator[diskSpaceHealthIndicator] readiness check success.
2020-01-31 14:21:27,767 INFO  main                             - SOFABoot HealthIndicator readiness check result: success.
2020-01-31 14:21:27,767 INFO  main                             - Begin ReadinessCheckCallback readiness check
2020-01-31 14:21:27,768 INFO  main                             - ReadinessCheckCallback readiness check result: success.
2020-01-31 14:21:27,768 ERROR main                             - Readiness check result: fail
2020-01-31 14:22:32,216 INFO  main                             - Found 2 HealthChecker implementation:sofaModuleHealthChecker,sofaComponentHealthChecker
2020-01-31 14:22:32,219 INFO  main                             - Found 4 HealthIndicator implementation:sofaModuleHealthIndicator,sofaBootHealthIndicator,sofaComponentHealthIndicator,diskSpaceHealthIndicator
2020-01-31 14:22:32,221 INFO  main                             - Found 0 ReadinessCheckCallback implementation: 
2020-01-31 14:22:32,221 INFO  main                             - Begin SOFABoot HealthChecker readiness check.
2020-01-31 14:22:32,226 INFO  main                             - HealthChecker[sofaModuleHealthChecker] readiness check success with 0 retry.
2020-01-31 14:22:32,233 INFO  main                             - HealthChecker[sofaComponentHealthChecker] readiness check success with 0 retry.
2020-01-31 14:22:32,234 INFO  main                             - SOFABoot HealthChecker readiness check result: success.
2020-01-31 14:22:32,235 INFO  main                             - Begin SOFABoot HealthIndicator readiness check.
2020-01-31 14:22:32,237 INFO  main                             - HealthIndicator[sofaModuleHealthIndicator] readiness check success.
2020-01-31 14:22:32,242 INFO  main                             - HealthIndicator[diskSpaceHealthIndicator] readiness check success.
2020-01-31 14:22:32,242 INFO  main                             - SOFABoot HealthIndicator readiness check result: success.
2020-01-31 14:22:32,242 INFO  main                             - Begin ReadinessCheckCallback readiness check
2020-01-31 14:22:32,243 INFO  main                             - ReadinessCheckCallback readiness check result: success.
2020-01-31 14:22:32,243 INFO  main                             - Readiness check result: success
2020-01-31 14:24:04,672 INFO  main                             - Found 2 HealthChecker implementation:sofaModuleHealthChecker,sofaComponentHealthChecker
2020-01-31 14:24:04,679 INFO  main                             - Found 4 HealthIndicator implementation:sofaModuleHealthIndicator,sofaBootHealthIndicator,sofaComponentHealthIndicator,diskSpaceHealthIndicator
2020-01-31 14:24:04,683 INFO  main                             - Found 0 ReadinessCheckCallback implementation: 
2020-01-31 14:24:04,684 INFO  main                             - Begin SOFABoot HealthChecker readiness check.
2020-01-31 14:24:04,692 INFO  main                             - HealthChecker[sofaModuleHealthChecker] readiness check success with 0 retry.
2020-01-31 14:24:04,706 INFO  main                             - HealthChecker[sofaComponentHealthChecker] readiness check success with 0 retry.
2020-01-31 14:24:04,707 INFO  main                             - SOFABoot HealthChecker readiness check result: success.
2020-01-31 14:24:04,714 INFO  main                             - Begin SOFABoot HealthIndicator readiness check.
2020-01-31 14:24:04,718 INFO  main                             - HealthIndicator[sofaModuleHealthIndicator] readiness check success.
2020-01-31 14:24:04,724 INFO  main                             - HealthIndicator[diskSpaceHealthIndicator] readiness check success.
2020-01-31 14:24:04,724 INFO  main                             - SOFABoot HealthIndicator readiness check result: success.
2020-01-31 14:24:04,724 INFO  main                             - Begin ReadinessCheckCallback readiness check
2020-01-31 14:24:04,725 INFO  main                             - ReadinessCheckCallback readiness check result: success.
2020-01-31 14:24:04,725 INFO  main                             - Readiness check result: success
2020-01-31 14:32:37,828 INFO  main                             - Found 2 HealthChecker implementation:sofaModuleHealthChecker,sofaComponentHealthChecker
2020-01-31 14:32:37,831 INFO  main                             - Found 4 HealthIndicator implementation:sofaModuleHealthIndicator,sofaBootHealthIndicator,sofaComponentHealthIndicator,diskSpaceHealthIndicator
2020-01-31 14:32:37,832 INFO  main                             - Found 0 ReadinessCheckCallback implementation: 
2020-01-31 14:32:37,833 INFO  main                             - Begin SOFABoot HealthChecker readiness check.
2020-01-31 14:32:37,837 INFO  main                             - HealthChecker[sofaModuleHealthChecker] readiness check success with 0 retry.
2020-01-31 14:32:37,841 INFO  main                             - HealthChecker[sofaComponentHealthChecker] readiness check success with 0 retry.
2020-01-31 14:32:37,841 INFO  main                             - SOFABoot HealthChecker readiness check result: success.
2020-01-31 14:32:37,842 INFO  main                             - Begin SOFABoot HealthIndicator readiness check.
2020-01-31 14:32:37,843 INFO  main                             - HealthIndicator[sofaModuleHealthIndicator] readiness check success.
2020-01-31 14:32:37,846 INFO  main                             - HealthIndicator[diskSpaceHealthIndicator] readiness check success.
2020-01-31 14:32:37,846 INFO  main                             - SOFABoot HealthIndicator readiness check result: success.
2020-01-31 14:32:37,846 INFO  main                             - Begin ReadinessCheckCallback readiness check
2020-01-31 14:32:37,847 INFO  main                             - ReadinessCheckCallback readiness check result: success.
2020-01-31 14:32:37,847 INFO  main                             - Readiness check result: success
2020-01-31 14:34:26,214 INFO  main                             - Found 2 HealthChecker implementation:sofaModuleHealthChecker,sofaComponentHealthChecker
2020-01-31 14:34:26,219 INFO  main                             - Found 4 HealthIndicator implementation:sofaModuleHealthIndicator,sofaBootHealthIndicator,sofaComponentHealthIndicator,diskSpaceHealthIndicator
2020-01-31 14:34:26,219 INFO  main                             - Found 0 ReadinessCheckCallback implementation: 
2020-01-31 14:34:26,220 INFO  main                             - Begin SOFABoot HealthChecker readiness check.
2020-01-31 14:34:26,224 INFO  main                             - HealthChecker[sofaModuleHealthChecker] readiness check success with 0 retry.
2020-01-31 14:34:26,229 INFO  main                             - HealthChecker[sofaComponentHealthChecker] readiness check success with 0 retry.
2020-01-31 14:34:26,229 INFO  main                             - SOFABoot HealthChecker readiness check result: success.
2020-01-31 14:34:26,230 INFO  main                             - Begin SOFABoot HealthIndicator readiness check.
2020-01-31 14:34:26,231 INFO  main                             - HealthIndicator[sofaModuleHealthIndicator] readiness check success.
2020-01-31 14:34:26,234 INFO  main                             - HealthIndicator[diskSpaceHealthIndicator] readiness check success.
2020-01-31 14:34:26,234 INFO  main                             - SOFABoot HealthIndicator readiness check result: success.
2020-01-31 14:34:26,234 INFO  main                             - Begin ReadinessCheckCallback readiness check
2020-01-31 14:34:26,235 INFO  main                             - ReadinessCheckCallback readiness check result: success.
2020-01-31 14:34:26,235 INFO  main                             - Readiness check result: success
2020-01-31 14:35:17,307 INFO  main                             - Found 2 HealthChecker implementation:sofaModuleHealthChecker,sofaComponentHealthChecker
2020-01-31 14:35:17,310 INFO  main                             - Found 4 HealthIndicator implementation:sofaModuleHealthIndicator,sofaBootHealthIndicator,sofaComponentHealthIndicator,diskSpaceHealthIndicator
2020-01-31 14:35:17,312 INFO  main                             - Found 0 ReadinessCheckCallback implementation: 
2020-01-31 14:35:17,312 INFO  main                             - Begin SOFABoot HealthChecker readiness check.
2020-01-31 14:35:17,316 INFO  main                             - HealthChecker[sofaModuleHealthChecker] readiness check success with 0 retry.
2020-01-31 14:35:17,320 INFO  main                             - HealthChecker[sofaComponentHealthChecker] readiness check success with 0 retry.
2020-01-31 14:35:17,320 INFO  main                             - SOFABoot HealthChecker readiness check result: success.
2020-01-31 14:35:17,321 INFO  main                             - Begin SOFABoot HealthIndicator readiness check.
2020-01-31 14:35:17,323 INFO  main                             - HealthIndicator[sofaModuleHealthIndicator] readiness check success.
2020-01-31 14:35:17,325 INFO  main                             - HealthIndicator[diskSpaceHealthIndicator] readiness check success.
2020-01-31 14:35:17,326 INFO  main                             - SOFABoot HealthIndicator readiness check result: success.
2020-01-31 14:35:17,326 INFO  main                             - Begin ReadinessCheckCallback readiness check
2020-01-31 14:35:17,327 INFO  main                             - ReadinessCheckCallback readiness check result: success.
2020-01-31 14:35:17,327 INFO  main                             - Readiness check result: success
2020-01-31 14:35:59,500 INFO  main                             - Found 2 HealthChecker implementation:sofaModuleHealthChecker,sofaComponentHealthChecker
2020-01-31 14:35:59,502 INFO  main                             - Found 4 HealthIndicator implementation:sofaModuleHealthIndicator,sofaBootHealthIndicator,sofaComponentHealthIndicator,diskSpaceHealthIndicator
2020-01-31 14:35:59,503 INFO  main                             - Found 0 ReadinessCheckCallback implementation: 
2020-01-31 14:35:59,503 INFO  main                             - Begin SOFABoot HealthChecker readiness check.
2020-01-31 14:35:59,505 INFO  main                             - HealthChecker[sofaModuleHealthChecker] readiness check success with 0 retry.
2020-01-31 14:35:59,510 INFO  main                             - HealthChecker[sofaComponentHealthChecker] readiness check success with 0 retry.
2020-01-31 14:35:59,510 INFO  main                             - SOFABoot HealthChecker readiness check result: success.
2020-01-31 14:35:59,511 INFO  main                             - Begin SOFABoot HealthIndicator readiness check.
2020-01-31 14:35:59,512 INFO  main                             - HealthIndicator[sofaModuleHealthIndicator] readiness check success.
2020-01-31 14:35:59,514 INFO  main                             - HealthIndicator[diskSpaceHealthIndicator] readiness check success.
2020-01-31 14:35:59,514 INFO  main                             - SOFABoot HealthIndicator readiness check result: success.
2020-01-31 14:35:59,514 INFO  main                             - Begin ReadinessCheckCallback readiness check
2020-01-31 14:35:59,514 INFO  main                             - ReadinessCheckCallback readiness check result: success.
2020-01-31 14:35:59,514 INFO  main                             - Readiness check result: success
2020-01-31 14:36:49,161 INFO  main                             - Found 2 HealthChecker implementation:sofaModuleHealthChecker,sofaComponentHealthChecker
2020-01-31 14:36:49,164 INFO  main                             - Found 4 HealthIndicator implementation:sofaModuleHealthIndicator,sofaBootHealthIndicator,sofaComponentHealthIndicator,diskSpaceHealthIndicator
2020-01-31 14:36:49,165 INFO  main                             - Found 0 ReadinessCheckCallback implementation: 
2020-01-31 14:36:49,166 INFO  main                             - Begin SOFABoot HealthChecker readiness check.
2020-01-31 14:36:49,169 INFO  main                             - HealthChecker[sofaModuleHealthChecker] readiness check success with 0 retry.
2020-01-31 14:36:49,173 INFO  main                             - HealthChecker[sofaComponentHealthChecker] readiness check success with 0 retry.
2020-01-31 14:36:49,174 INFO  main                             - SOFABoot HealthChecker readiness check result: success.
2020-01-31 14:36:49,174 INFO  main                             - Begin SOFABoot HealthIndicator readiness check.
2020-01-31 14:36:49,176 INFO  main                             - HealthIndicator[sofaModuleHealthIndicator] readiness check success.
2020-01-31 14:36:49,178 INFO  main                             - HealthIndicator[diskSpaceHealthIndicator] readiness check success.
2020-01-31 14:36:49,179 INFO  main                             - SOFABoot HealthIndicator readiness check result: success.
2020-01-31 14:36:49,179 INFO  main                             - Begin ReadinessCheckCallback readiness check
2020-01-31 14:36:49,180 INFO  main                             - ReadinessCheckCallback readiness check result: success.
2020-01-31 14:36:49,180 INFO  main                             - Readiness check result: success
2020-01-31 14:40:42,491 INFO  main                             - Found 2 HealthChecker implementation:sofaModuleHealthChecker,sofaComponentHealthChecker
2020-01-31 14:40:42,494 INFO  main                             - Found 4 HealthIndicator implementation:sofaModuleHealthIndicator,sofaBootHealthIndicator,sofaComponentHealthIndicator,diskSpaceHealthIndicator
2020-01-31 14:40:42,495 INFO  main                             - Found 0 ReadinessCheckCallback implementation: 
2020-01-31 14:40:42,495 INFO  main                             - Begin SOFABoot HealthChecker readiness check.
2020-01-31 14:40:42,498 INFO  main                             - HealthChecker[sofaModuleHealthChecker] readiness check success with 0 retry.
2020-01-31 14:40:42,501 INFO  main                             - HealthChecker[sofaComponentHealthChecker] readiness check success with 0 retry.
2020-01-31 14:40:42,502 INFO  main                             - SOFABoot HealthChecker readiness check result: success.
2020-01-31 14:40:42,502 INFO  main                             - Begin SOFABoot HealthIndicator readiness check.
2020-01-31 14:40:42,503 INFO  main                             - HealthIndicator[sofaModuleHealthIndicator] readiness check success.
2020-01-31 14:40:42,506 INFO  main                             - HealthIndicator[diskSpaceHealthIndicator] readiness check success.
2020-01-31 14:40:42,506 INFO  main                             - SOFABoot HealthIndicator readiness check result: success.
2020-01-31 14:40:42,506 INFO  main                             - Begin ReadinessCheckCallback readiness check
2020-01-31 14:40:42,506 INFO  main                             - ReadinessCheckCallback readiness check result: success.
2020-01-31 14:40:42,507 INFO  main                             - Readiness check result: success
2020-01-31 18:08:27,686 INFO  main                             - Found 2 HealthChecker implementation:sofaModuleHealthChecker,sofaComponentHealthChecker
2020-01-31 18:08:27,688 INFO  main                             - Found 4 HealthIndicator implementation:sofaModuleHealthIndicator,sofaBootHealthIndicator,sofaComponentHealthIndicator,diskSpaceHealthIndicator
2020-01-31 18:08:27,690 INFO  main                             - Found 0 ReadinessCheckCallback implementation: 
2020-01-31 18:08:27,690 INFO  main                             - Begin SOFABoot HealthChecker readiness check.
2020-01-31 18:08:27,694 INFO  main                             - HealthChecker[sofaModuleHealthChecker] readiness check success with 0 retry.
2020-01-31 18:08:27,699 INFO  main                             - HealthChecker[sofaComponentHealthChecker] readiness check success with 0 retry.
2020-01-31 18:08:27,699 INFO  main                             - SOFABoot HealthChecker readiness check result: success.
2020-01-31 18:08:27,700 INFO  main                             - Begin SOFABoot HealthIndicator readiness check.
2020-01-31 18:08:27,701 INFO  main                             - HealthIndicator[sofaModuleHealthIndicator] readiness check success.
2020-01-31 18:08:27,704 INFO  main                             - HealthIndicator[diskSpaceHealthIndicator] readiness check success.
2020-01-31 18:08:27,704 INFO  main                             - SOFABoot HealthIndicator readiness check result: success.
2020-01-31 18:08:27,704 INFO  main                             - Begin ReadinessCheckCallback readiness check
2020-01-31 18:08:27,704 INFO  main                             - ReadinessCheckCallback readiness check result: success.
2020-01-31 18:08:27,705 INFO  main                             - Readiness check result: success
2020-01-31 18:14:43,753 INFO  main                             - Found 2 HealthChecker implementation:sofaModuleHealthChecker,sofaComponentHealthChecker
2020-01-31 18:14:43,756 INFO  main                             - Found 4 HealthIndicator implementation:sofaModuleHealthIndicator,sofaBootHealthIndicator,sofaComponentHealthIndicator,diskSpaceHealthIndicator
2020-01-31 18:14:43,758 INFO  main                             - Found 0 ReadinessCheckCallback implementation: 
2020-01-31 18:14:43,758 INFO  main                             - Begin SOFABoot HealthChecker readiness check.
2020-01-31 18:14:43,762 INFO  main                             - HealthChecker[sofaModuleHealthChecker] readiness check success with 0 retry.
2020-01-31 18:14:43,766 INFO  main                             - HealthChecker[sofaComponentHealthChecker] readiness check success with 0 retry.
2020-01-31 18:14:43,767 INFO  main                             - SOFABoot HealthChecker readiness check result: success.
2020-01-31 18:14:43,767 INFO  main                             - Begin SOFABoot HealthIndicator readiness check.
2020-01-31 18:14:43,768 INFO  main                             - HealthIndicator[sofaModuleHealthIndicator] readiness check success.
2020-01-31 18:14:43,771 INFO  main                             - HealthIndicator[diskSpaceHealthIndicator] readiness check success.
2020-01-31 18:14:43,771 INFO  main                             - SOFABoot HealthIndicator readiness check result: success.
2020-01-31 18:14:43,771 INFO  main                             - Begin ReadinessCheckCallback readiness check
2020-01-31 18:14:43,771 INFO  main                             - ReadinessCheckCallback readiness check result: success.
2020-01-31 18:14:43,772 INFO  main                             - Readiness check result: success
2020-01-31 18:27:13,995 INFO  main                             - Found 2 HealthChecker implementation:sofaModuleHealthChecker,sofaComponentHealthChecker
2020-01-31 18:27:13,997 INFO  main                             - Found 4 HealthIndicator implementation:sofaModuleHealthIndicator,sofaBootHealthIndicator,sofaComponentHealthIndicator,diskSpaceHealthIndicator
2020-01-31 18:27:13,999 INFO  main                             - Found 0 ReadinessCheckCallback implementation: 
2020-01-31 18:27:13,999 INFO  main                             - Begin SOFABoot HealthChecker readiness check.
2020-01-31 18:27:14,002 INFO  main                             - HealthChecker[sofaModuleHealthChecker] readiness check success with 0 retry.
2020-01-31 18:27:14,005 INFO  main                             - HealthChecker[sofaComponentHealthChecker] readiness check success with 0 retry.
2020-01-31 18:27:14,005 INFO  main                             - SOFABoot HealthChecker readiness check result: success.
2020-01-31 18:27:14,006 INFO  main                             - Begin SOFABoot HealthIndicator readiness check.
2020-01-31 18:27:14,007 INFO  main                             - HealthIndicator[sofaModuleHealthIndicator] readiness check success.
2020-01-31 18:27:14,009 INFO  main                             - HealthIndicator[diskSpaceHealthIndicator] readiness check success.
2020-01-31 18:27:14,009 INFO  main                             - SOFABoot HealthIndicator readiness check result: success.
2020-01-31 18:27:14,009 INFO  main                             - Begin ReadinessCheckCallback readiness check
2020-01-31 18:27:14,009 INFO  main                             - ReadinessCheckCallback readiness check result: success.
2020-01-31 18:27:14,010 INFO  main                             - Readiness check result: success
2020-01-31 18:32:16,368 INFO  main                             - Found 2 HealthChecker implementation:sofaModuleHealthChecker,sofaComponentHealthChecker
2020-01-31 18:32:16,371 INFO  main                             - Found 4 HealthIndicator implementation:sofaModuleHealthIndicator,sofaBootHealthIndicator,sofaComponentHealthIndicator,diskSpaceHealthIndicator
2020-01-31 18:32:16,372 INFO  main                             - Found 0 ReadinessCheckCallback implementation: 
2020-01-31 18:32:16,372 INFO  main                             - Begin SOFABoot HealthChecker readiness check.
2020-01-31 18:32:16,375 INFO  main                             - HealthChecker[sofaModuleHealthChecker] readiness check success with 0 retry.
2020-01-31 18:32:16,380 INFO  main                             - HealthChecker[sofaComponentHealthChecker] readiness check success with 0 retry.
2020-01-31 18:32:16,380 INFO  main                             - SOFABoot HealthChecker readiness check result: success.
2020-01-31 18:32:16,381 INFO  main                             - Begin SOFABoot HealthIndicator readiness check.
2020-01-31 18:32:16,382 INFO  main                             - HealthIndicator[sofaModuleHealthIndicator] readiness check success.
2020-01-31 18:32:16,384 INFO  main                             - HealthIndicator[diskSpaceHealthIndicator] readiness check success.
2020-01-31 18:32:16,384 INFO  main                             - SOFABoot HealthIndicator readiness check result: success.
2020-01-31 18:32:16,384 INFO  main                             - Begin ReadinessCheckCallback readiness check
2020-01-31 18:32:16,385 INFO  main                             - ReadinessCheckCallback readiness check result: success.
2020-01-31 18:32:16,385 INFO  main                             - Readiness check result: success
2020-01-31 18:32:59,038 INFO  main                             - Found 2 HealthChecker implementation:sofaModuleHealthChecker,sofaComponentHealthChecker
2020-01-31 18:32:59,040 INFO  main                             - Found 4 HealthIndicator implementation:sofaModuleHealthIndicator,sofaBootHealthIndicator,sofaComponentHealthIndicator,diskSpaceHealthIndicator
2020-01-31 18:32:59,042 INFO  main                             - Found 0 ReadinessCheckCallback implementation: 
2020-01-31 18:32:59,042 INFO  main                             - Begin SOFABoot HealthChecker readiness check.
2020-01-31 18:32:59,045 INFO  main                             - HealthChecker[sofaModuleHealthChecker] readiness check success with 0 retry.
2020-01-31 18:32:59,050 INFO  main                             - HealthChecker[sofaComponentHealthChecker] readiness check success with 0 retry.
2020-01-31 18:32:59,050 INFO  main                             - SOFABoot HealthChecker readiness check result: success.
2020-01-31 18:32:59,051 INFO  main                             - Begin SOFABoot HealthIndicator readiness check.
2020-01-31 18:32:59,052 INFO  main                             - HealthIndicator[sofaModuleHealthIndicator] readiness check success.
2020-01-31 18:32:59,055 INFO  main                             - HealthIndicator[diskSpaceHealthIndicator] readiness check success.
2020-01-31 18:32:59,055 INFO  main                             - SOFABoot HealthIndicator readiness check result: success.
2020-01-31 18:32:59,055 INFO  main                             - Begin ReadinessCheckCallback readiness check
2020-01-31 18:32:59,055 INFO  main                             - ReadinessCheckCallback readiness check result: success.
2020-01-31 18:32:59,055 INFO  main                             - Readiness check result: success
